{"/Users/gjutoor/Documents/angular-news-data/src/app/app.component.html": {"path":"/Users/gjutoor/Documents/angular-news-data/src/app/app.component.html","statementMap":{"0":{"start":{"line":1,"column":0},"end":{"line":1,"column":1367}}},"fnMap":{},"branchMap":{},"s":{"0":1},"f":{},"b":{},"_coverageSchema":"1a1c01bbd47fc00a2c39e90264f33305004495a9","hash":"95a1699767dedb381ec79be7f9457a07eef78c72"}
,"/Users/gjutoor/Documents/angular-news-data/src/app/app.component.ts": {"path":"/Users/gjutoor/Documents/angular-news-data/src/app/app.component.ts","statementMap":{"0":{"start":{"line":1,"column":0},"end":{"line":1,"column":86}},"1":{"start":{"line":2,"column":0},"end":{"line":2,"column":77}},"2":{"start":{"line":4,"column":0},"end":{"line":4,"column":9}},"3":{"start":{"line":5,"column":0},"end":{"line":5,"column":69}},"4":{"start":{"line":13,"column":25},"end":{"line":74,"column":null}},"5":{"start":{"line":23,"column":22},"end":{"line":23,"column":54}},"6":{"start":{"line":15,"column":2},"end":{"line":15,"column":32}},"7":{"start":{"line":16,"column":2},"end":{"line":16,"column":30}},"8":{"start":{"line":17,"column":2},"end":{"line":17,"column":28}},"9":{"start":{"line":18,"column":2},"end":{"line":18,"column":126}},"10":{"start":{"line":19,"column":2},"end":{"line":19,"column":32}},"11":{"start":{"line":20,"column":2},"end":{"line":20,"column":32}},"12":{"start":{"line":21,"column":2},"end":{"line":21,"column":53}},"13":{"start":{"line":29,"column":4},"end":{"line":29,"column":24}},"14":{"start":{"line":30,"column":4},"end":{"line":30,"column":36}},"15":{"start":{"line":37,"column":4},"end":{"line":37,"column":32}},"16":{"start":{"line":45,"column":4},"end":{"line":47,"column":7}},"17":{"start":{"line":46,"column":6},"end":{"line":46,"column":41}},"18":{"start":{"line":54,"column":4},"end":{"line":54,"column":39}},"19":{"start":{"line":62,"column":4},"end":{"line":63,"column":38}},"20":{"start":{"line":63,"column":26},"end":{"line":63,"column":35}},"21":{"start":{"line":70,"column":4},"end":{"line":70,"column":31}},"22":{"start":{"line":71,"column":4},"end":{"line":71,"column":31}},"23":{"start":{"line":72,"column":4},"end":{"line":72,"column":26}},"24":{"start":{"line":13,"column":13},"end":{"line":74,"column":null}},"25":{"start":{"line":13,"column":13},"end":{"line":13,"column":25}}},"fnMap":{"0":{"name":"(anonymous_0)","decl":{"start":{"line":23,"column":2},"end":{"line":23,"column":22}},"loc":{"start":{"line":23,"column":54},"end":{"line":23,"column":58}}},"1":{"name":"(anonymous_1)","decl":{"start":{"line":28,"column":2},"end":{"line":28,"column":10}},"loc":{"start":{"line":28,"column":10},"end":{"line":31,"column":3}}},"2":{"name":"(anonymous_2)","decl":{"start":{"line":36,"column":2},"end":{"line":36,"column":13}},"loc":{"start":{"line":36,"column":13},"end":{"line":38,"column":3}}},"3":{"name":"(anonymous_3)","decl":{"start":{"line":44,"column":2},"end":{"line":44,"column":10}},"loc":{"start":{"line":44,"column":10},"end":{"line":48,"column":3}}},"4":{"name":"(anonymous_4)","decl":{"start":{"line":45,"column":37},"end":{"line":45,"column":40}},"loc":{"start":{"line":45,"column":42},"end":{"line":47,"column":5}}},"5":{"name":"(anonymous_5)","decl":{"start":{"line":53,"column":9},"end":{"line":53,"column":23}},"loc":{"start":{"line":53,"column":23},"end":{"line":55,"column":3}}},"6":{"name":"(anonymous_6)","decl":{"start":{"line":61,"column":10},"end":{"line":61,"column":24}},"loc":{"start":{"line":61,"column":24},"end":{"line":64,"column":3}}},"7":{"name":"(anonymous_7)","decl":{"start":{"line":63,"column":10},"end":{"line":63,"column":11}},"loc":{"start":{"line":63,"column":26},"end":{"line":63,"column":35}}},"8":{"name":"(anonymous_8)","decl":{"start":{"line":69,"column":9},"end":{"line":69,"column":21}},"loc":{"start":{"line":69,"column":21},"end":{"line":73,"column":3}}}},"branchMap":{},"s":{"0":1,"1":1,"2":1,"3":1,"4":1,"5":10,"6":10,"7":10,"8":10,"9":10,"10":10,"11":10,"12":10,"13":2,"14":2,"15":10,"16":3,"17":2,"18":9,"19":11,"20":4,"21":4,"22":4,"23":4,"24":1,"25":1},"f":{"0":10,"1":2,"2":10,"3":3,"4":2,"5":9,"6":11,"7":4,"8":4},"b":{}}
,"/Users/gjutoor/Documents/angular-news-data/src/environments/environment.ts": {"path":"/Users/gjutoor/Documents/angular-news-data/src/environments/environment.ts","statementMap":{"0":{"start":{"line":4,"column":15},"end":{"line":4,"column":58}},"1":{"start":{"line":6,"column":13},"end":{"line":9,"column":2}}},"fnMap":{},"branchMap":{},"s":{"0":2,"1":2},"f":{},"b":{}}
,"/Users/gjutoor/Documents/angular-news-data/src/services/news-util.service.ts": {"path":"/Users/gjutoor/Documents/angular-news-data/src/services/news-util.service.ts","statementMap":{"0":{"start":{"line":1,"column":0},"end":{"line":1,"column":43}},"1":{"start":{"line":2,"column":0},"end":{"line":2,"column":9}},"2":{"start":{"line":7,"column":0},"end":{"line":7,"column":58}},"3":{"start":{"line":12,"column":28},"end":{"line":28,"column":null}},"4":{"start":{"line":14,"column":22},"end":{"line":14,"column":38}},"5":{"start":{"line":17,"column":22},"end":{"line":17,"column":40}},"6":{"start":{"line":19,"column":4},"end":{"line":25,"column":null}},"7":{"start":{"line":20,"column":6},"end":{"line":20,"column":75}},"8":{"start":{"line":21,"column":11},"end":{"line":25,"column":null}},"9":{"start":{"line":22,"column":6},"end":{"line":22,"column":54}},"10":{"start":{"line":23,"column":11},"end":{"line":25,"column":null}},"11":{"start":{"line":24,"column":6},"end":{"line":24,"column":58}},"12":{"start":{"line":26,"column":4},"end":{"line":26,"column":47}},"13":{"start":{"line":12,"column":13},"end":{"line":28,"column":null}},"14":{"start":{"line":12,"column":13},"end":{"line":12,"column":28}}},"fnMap":{"0":{"name":"(anonymous_0)","decl":{"start":{"line":14,"column":2},"end":{"line":14,"column":22}},"loc":{"start":{"line":14,"column":38},"end":{"line":14,"column":42}}},"1":{"name":"(anonymous_1)","decl":{"start":{"line":16,"column":9},"end":{"line":16,"column":19}},"loc":{"start":{"line":16,"column":50},"end":{"line":27,"column":3}}}},"branchMap":{"0":{"loc":{"start":{"line":19,"column":4},"end":{"line":25,"column":null}},"type":"if","locations":[{"start":{"line":19,"column":4},"end":{"line":25,"column":null}},{"start":{"line":21,"column":11},"end":{"line":25,"column":null}}]},"1":{"loc":{"start":{"line":19,"column":7},"end":{"line":19,"column":23}},"type":"binary-expr","locations":[{"start":{"line":19,"column":7},"end":{"line":19,"column":11}},{"start":{"line":19,"column":15},"end":{"line":19,"column":23}}]},"2":{"loc":{"start":{"line":21,"column":11},"end":{"line":25,"column":null}},"type":"if","locations":[{"start":{"line":21,"column":11},"end":{"line":25,"column":null}},{"start":{"line":23,"column":11},"end":{"line":25,"column":null}}]},"3":{"loc":{"start":{"line":21,"column":15},"end":{"line":21,"column":32}},"type":"binary-expr","locations":[{"start":{"line":21,"column":15},"end":{"line":21,"column":19}},{"start":{"line":21,"column":23},"end":{"line":21,"column":32}}]},"4":{"loc":{"start":{"line":23,"column":11},"end":{"line":25,"column":null}},"type":"if","locations":[{"start":{"line":23,"column":11},"end":{"line":25,"column":null}}]},"5":{"loc":{"start":{"line":23,"column":15},"end":{"line":23,"column":32}},"type":"binary-expr","locations":[{"start":{"line":23,"column":15},"end":{"line":23,"column":20}},{"start":{"line":23,"column":24},"end":{"line":23,"column":32}}]}},"s":{"0":2,"1":2,"2":2,"3":2,"4":5,"5":4,"6":4,"7":1,"8":3,"9":1,"10":2,"11":1,"12":4,"13":2,"14":2},"f":{"0":5,"1":4},"b":{"0":[1,3],"1":[4,2],"2":[1,2],"3":[3,1],"4":[1],"5":[2,2]}}
,"/Users/gjutoor/Documents/angular-news-data/src/shared/card/cards.component.html": {"path":"/Users/gjutoor/Documents/angular-news-data/src/shared/card/cards.component.html","statementMap":{"0":{"start":{"line":1,"column":0},"end":{"line":1,"column":1500}}},"fnMap":{},"branchMap":{},"s":{"0":1},"f":{},"b":{},"_coverageSchema":"1a1c01bbd47fc00a2c39e90264f33305004495a9","hash":"d28382f09f6bac0b1ceef419a7b06843c1094da9"}
,"/Users/gjutoor/Documents/angular-news-data/src/shared/card/cards.component.ts": {"path":"/Users/gjutoor/Documents/angular-news-data/src/shared/card/cards.component.ts","statementMap":{"0":{"start":{"line":1,"column":0},"end":{"line":1,"column":74}},"1":{"start":{"line":11,"column":27},"end":{"line":14,"column":null}},"2":{"start":{"line":11,"column":13},"end":{"line":14,"column":null}},"3":{"start":{"line":11,"column":13},"end":{"line":11,"column":27}}},"fnMap":{},"branchMap":{},"s":{"0":1,"1":1,"2":1,"3":1},"f":{},"b":{}}
,"/Users/gjutoor/Documents/angular-news-data/src/shared/mocks/mock.test-utils.ts": {"path":"/Users/gjutoor/Documents/angular-news-data/src/shared/mocks/mock.test-utils.ts","statementMap":{"0":{"start":{"line":2,"column":0},"end":{"line":2,"column":48}},"1":{"start":{"line":5,"column":22},"end":{"line":5,"column":24}},"2":{"start":{"line":6,"column":2},"end":{"line":6,"column":72}},"3":{"start":{"line":9,"column":4},"end":{"line":11,"column":null}},"4":{"start":{"line":10,"column":6},"end":{"line":10,"column":13}},"5":{"start":{"line":13,"column":4},"end":{"line":22,"column":null}},"6":{"start":{"line":14,"column":25},"end":{"line":14,"column":69}},"7":{"start":{"line":16,"column":6},"end":{"line":21,"column":null}},"8":{"start":{"line":17,"column":8},"end":{"line":17,"column":32}},"9":{"start":{"line":18,"column":13},"end":{"line":21,"column":null}},"10":{"start":{"line":19,"column":8},"end":{"line":19,"column":55}},"11":{"start":{"line":20,"column":8},"end":{"line":20,"column":63}},"12":{"start":{"line":24,"column":4},"end":{"line":24,"column":54}},"13":{"start":{"line":27,"column":2},"end":{"line":27,"column":38}},"14":{"start":{"line":29,"column":2},"end":{"line":29,"column":16}},"15":{"start":{"line":4,"column":0},"end":{"line":4,"column":16}},"16":{"start":{"line":33,"column":2},"end":{"line":36,"column":4}},"17":{"start":{"line":35,"column":22},"end":{"line":35,"column":44}},"18":{"start":{"line":32,"column":0},"end":{"line":32,"column":16}},"19":{"start":{"line":40,"column":2},"end":{"line":40,"column":51}},"20":{"start":{"line":39,"column":0},"end":{"line":39,"column":16}}},"fnMap":{"0":{"name":"createObjectMock","decl":{"start":{"line":4,"column":16},"end":{"line":4,"column":32}},"loc":{"start":{"line":4,"column":49},"end":{"line":30,"column":1}}},"1":{"name":"installProtoMethods","decl":{"start":{"line":8,"column":11},"end":{"line":8,"column":30}},"loc":{"start":{"line":8,"column":41},"end":{"line":25,"column":3}}},"2":{"name":"provideMockObject","decl":{"start":{"line":32,"column":16},"end":{"line":32,"column":33}},"loc":{"start":{"line":32,"column":50},"end":{"line":37,"column":1}}},"3":{"name":"(anonymous_3)","decl":{"start":{"line":35,"column":16},"end":{"line":35,"column":19}},"loc":{"start":{"line":35,"column":22},"end":{"line":35,"column":44}}},"4":{"name":"injectMocked","decl":{"start":{"line":39,"column":16},"end":{"line":39,"column":28}},"loc":{"start":{"line":39,"column":48},"end":{"line":41,"column":1}}}},"branchMap":{"0":{"loc":{"start":{"line":9,"column":4},"end":{"line":11,"column":null}},"type":"if","locations":[{"start":{"line":9,"column":4},"end":{"line":11,"column":null}}]},"1":{"loc":{"start":{"line":9,"column":8},"end":{"line":9,"column":52}},"type":"binary-expr","locations":[{"start":{"line":9,"column":8},"end":{"line":9,"column":22}},{"start":{"line":9,"column":26},"end":{"line":9,"column":52}}]},"2":{"loc":{"start":{"line":16,"column":6},"end":{"line":21,"column":null}},"type":"if","locations":[{"start":{"line":16,"column":6},"end":{"line":21,"column":null}},{"start":{"line":18,"column":13},"end":{"line":21,"column":null}}]},"3":{"loc":{"start":{"line":16,"column":10},"end":{"line":16,"column":73}},"type":"binary-expr","locations":[{"start":{"line":16,"column":10},"end":{"line":16,"column":48}},{"start":{"line":16,"column":52},"end":{"line":16,"column":73}}]},"4":{"loc":{"start":{"line":18,"column":13},"end":{"line":21,"column":null}},"type":"if","locations":[{"start":{"line":18,"column":13},"end":{"line":21,"column":null}}]},"5":{"loc":{"start":{"line":18,"column":17},"end":{"line":18,"column":78}},"type":"binary-expr","locations":[{"start":{"line":18,"column":17},"end":{"line":18,"column":53}},{"start":{"line":18,"column":57},"end":{"line":18,"column":78}}]}},"s":{"0":1,"1":10,"2":10,"3":20,"4":10,"5":10,"6":20,"7":20,"8":10,"9":10,"10":0,"11":0,"12":10,"13":10,"14":10,"15":1,"16":10,"17":10,"18":1,"19":10,"20":1},"f":{"0":10,"1":20,"2":10,"3":10,"4":10},"b":{"0":[10],"1":[20,20],"2":[10,10],"3":[20,20],"4":[0],"5":[10,0]}}
,"/Users/gjutoor/Documents/angular-news-data/src/shared/mocks/mock.ts": {"path":"/Users/gjutoor/Documents/angular-news-data/src/shared/mocks/mock.ts","statementMap":{"0":{"start":{"line":4,"column":13},"end":{"line":17,"column":null}},"1":{"start":{"line":19,"column":13},"end":{"line":25,"column":2}},"2":{"start":{"line":27,"column":13},"end":{"line":39,"column":null}}},"fnMap":{},"branchMap":{},"s":{"0":3,"1":3,"2":3},"f":{},"b":{}}
,"/Users/gjutoor/Documents/angular-news-data/src/shared/spinner/spinner.component.html": {"path":"/Users/gjutoor/Documents/angular-news-data/src/shared/spinner/spinner.component.html","statementMap":{"0":{"start":{"line":1,"column":0},"end":{"line":1,"column":163}}},"fnMap":{},"branchMap":{},"s":{"0":1},"f":{},"b":{},"_coverageSchema":"1a1c01bbd47fc00a2c39e90264f33305004495a9","hash":"003f8b0be0a6a25254be3651a2d57c2064e9769f"}
,"/Users/gjutoor/Documents/angular-news-data/src/shared/spinner/spinner.component.ts": {"path":"/Users/gjutoor/Documents/angular-news-data/src/shared/spinner/spinner.component.ts","statementMap":{"0":{"start":{"line":9,"column":0},"end":{"line":9,"column":87}},"1":{"start":{"line":19,"column":29},"end":{"line":46,"column":null}},"2":{"start":{"line":22,"column":4},"end":{"line":22,"column":38}},"3":{"start":{"line":29,"column":8},"end":{"line":29,"column":43}},"4":{"start":{"line":34,"column":8},"end":{"line":34,"column":37}},"5":{"start":{"line":39,"column":8},"end":{"line":39,"column":37}},"6":{"start":{"line":44,"column":8},"end":{"line":44,"column":43}},"7":{"start":{"line":19,"column":13},"end":{"line":46,"column":null}},"8":{"start":{"line":19,"column":13},"end":{"line":19,"column":29}}},"fnMap":{"0":{"name":"(anonymous_1)","decl":{"start":{"line":27,"column":4},"end":{"line":27,"column":5}},"loc":{"start":{"line":28,"column":23},"end":{"line":30,"column":5}}},"1":{"name":"(anonymous_2)","decl":{"start":{"line":32,"column":4},"end":{"line":32,"column":5}},"loc":{"start":{"line":33,"column":18},"end":{"line":35,"column":5}}},"2":{"name":"(anonymous_3)","decl":{"start":{"line":37,"column":4},"end":{"line":37,"column":5}},"loc":{"start":{"line":38,"column":18},"end":{"line":40,"column":5}}},"3":{"name":"(anonymous_4)","decl":{"start":{"line":42,"column":4},"end":{"line":42,"column":5}},"loc":{"start":{"line":43,"column":23},"end":{"line":45,"column":5}}}},"branchMap":{},"s":{"0":1,"1":1,"2":2,"3":8,"4":8,"5":8,"6":8,"7":1,"8":1},"f":{"0":8,"1":8,"2":8,"3":8},"b":{}}
,"/Users/gjutoor/Documents/angular-news-data/src/shared/toolbar/toolbar.component.html": {"path":"/Users/gjutoor/Documents/angular-news-data/src/shared/toolbar/toolbar.component.html","statementMap":{"0":{"start":{"line":1,"column":0},"end":{"line":1,"column":319}}},"fnMap":{},"branchMap":{},"s":{"0":1},"f":{},"b":{},"_coverageSchema":"1a1c01bbd47fc00a2c39e90264f33305004495a9","hash":"bbad3a1fd184199a454cb8f5feba27c4ab51c23d"}
,"/Users/gjutoor/Documents/angular-news-data/src/shared/toolbar/toolbar.component.ts": {"path":"/Users/gjutoor/Documents/angular-news-data/src/shared/toolbar/toolbar.component.ts","statementMap":{"0":{"start":{"line":1,"column":0},"end":{"line":1,"column":67}},"1":{"start":{"line":9,"column":29},"end":{"line":9,"column":null}},"2":{"start":{"line":9,"column":13},"end":{"line":9,"column":null}},"3":{"start":{"line":9,"column":13},"end":{"line":9,"column":29}}},"fnMap":{},"branchMap":{},"s":{"0":1,"1":1,"2":1,"3":1},"f":{},"b":{}}
}
