TN:
SF:src/app/app.component.html
FNF:0
FNH:0
DA:1,1
LF:1
LH:1
BRF:0
BRH:0
end_of_record
TN:
SF:src/app/app.component.ts
FN:23,(anonymous_0)
FN:28,(anonymous_1)
FN:36,(anonymous_2)
FN:44,(anonymous_3)
FN:45,(anonymous_4)
FN:53,(anonymous_5)
FN:61,(anonymous_6)
FN:63,(anonymous_7)
FN:69,(anonymous_8)
FNF:9
FNH:9
FNDA:10,(anonymous_0)
FNDA:2,(anonymous_1)
FNDA:10,(anonymous_2)
FNDA:3,(anonymous_3)
FNDA:2,(anonymous_4)
FNDA:9,(anonymous_5)
FNDA:11,(anonymous_6)
FNDA:4,(anonymous_7)
FNDA:4,(anonymous_8)
DA:1,1
DA:2,1
DA:4,1
DA:5,1
DA:13,1
DA:15,10
DA:16,10
DA:17,10
DA:18,10
DA:19,10
DA:20,10
DA:21,10
DA:23,10
DA:29,2
DA:30,2
DA:37,10
DA:45,3
DA:46,2
DA:54,9
DA:62,11
DA:63,4
DA:70,4
DA:71,4
DA:72,4
LF:24
LH:24
BRF:0
BRH:0
end_of_record
TN:
SF:src/environments/environment.ts
FNF:0
FNH:0
DA:4,2
DA:6,2
LF:2
LH:2
BRF:0
BRH:0
end_of_record
TN:
SF:src/services/news-util.service.ts
FN:14,(anonymous_0)
FN:16,(anonymous_1)
FNF:2
FNH:2
FNDA:5,(anonymous_0)
FNDA:4,(anonymous_1)
DA:1,2
DA:2,2
DA:7,2
DA:12,2
DA:14,5
DA:17,4
DA:19,4
DA:20,1
DA:21,3
DA:22,1
DA:23,2
DA:24,1
DA:26,4
LF:13
LH:13
BRDA:19,0,0,1
BRDA:19,0,1,3
BRDA:19,1,0,4
BRDA:19,1,1,2
BRDA:21,2,0,1
BRDA:21,2,1,2
BRDA:21,3,0,3
BRDA:21,3,1,1
BRDA:23,4,0,1
BRDA:23,5,0,2
BRDA:23,5,1,2
BRF:11
BRH:11
end_of_record
TN:
SF:src/shared/card/cards.component.html
FNF:0
FNH:0
DA:1,1
LF:1
LH:1
BRF:0
BRH:0
end_of_record
TN:
SF:src/shared/card/cards.component.ts
FNF:0
FNH:0
DA:1,1
DA:11,1
LF:2
LH:2
BRF:0
BRH:0
end_of_record
TN:
SF:src/shared/mocks/mock.test-utils.ts
FN:4,createObjectMock
FN:8,installProtoMethods
FN:32,provideMockObject
FN:35,(anonymous_3)
FN:39,injectMocked
FNF:5
FNH:5
FNDA:10,createObjectMock
FNDA:20,installProtoMethods
FNDA:10,provideMockObject
FNDA:10,(anonymous_3)
FNDA:10,injectMocked
DA:2,1
DA:4,1
DA:5,10
DA:6,10
DA:9,20
DA:10,10
DA:13,10
DA:14,20
DA:16,20
DA:17,10
DA:18,10
DA:19,0
DA:20,0
DA:24,10
DA:27,10
DA:29,10
DA:32,1
DA:33,10
DA:35,10
DA:39,1
DA:40,10
LF:21
LH:19
BRDA:9,0,0,10
BRDA:9,1,0,20
BRDA:9,1,1,20
BRDA:16,2,0,10
BRDA:16,2,1,10
BRDA:16,3,0,20
BRDA:16,3,1,20
BRDA:18,4,0,0
BRDA:18,5,0,10
BRDA:18,5,1,0
BRF:10
BRH:8
end_of_record
TN:
SF:src/shared/mocks/mock.ts
FNF:0
FNH:0
DA:4,3
DA:19,3
DA:27,3
LF:3
LH:3
BRF:0
BRH:0
end_of_record
TN:
SF:src/shared/spinner/spinner.component.html
FNF:0
FNH:0
DA:1,1
LF:1
LH:1
BRF:0
BRH:0
end_of_record
TN:
SF:src/shared/spinner/spinner.component.ts
FN:27,(anonymous_1)
FN:32,(anonymous_2)
FN:37,(anonymous_3)
FN:42,(anonymous_4)
FNF:4
FNH:4
FNDA:8,(anonymous_1)
FNDA:8,(anonymous_2)
FNDA:8,(anonymous_3)
FNDA:8,(anonymous_4)
DA:9,1
DA:19,1
DA:22,2
DA:29,8
DA:34,8
DA:39,8
DA:44,8
LF:7
LH:7
BRF:0
BRH:0
end_of_record
TN:
SF:src/shared/toolbar/toolbar.component.html
FNF:0
FNH:0
DA:1,1
LF:1
LH:1
BRF:0
BRH:0
end_of_record
TN:
SF:src/shared/toolbar/toolbar.component.ts
FNF:0
FNH:0
DA:1,1
DA:9,1
LF:2
LH:2
BRF:0
BRH:0
end_of_record
